<?xml version="1.0" encoding="UTF-8"?>
<!-- Generated by org.testng.reporters.JUnitReportReporter -->
<testsuite skipped="0" hostname="WKWIN8520877" name="waitConcept.MixWaitSecond" tests="1" failures="0" timestamp="19 Apr 2018 05:28:07 GMT" time="20.485" errors="0">
  <testcase name="CheckWait" time="20.485" classname="waitConcept.MixWaitSecond"/>
</testsuite> <!-- waitConcept.MixWaitSecond -->
