<?xml version="1.0" encoding="UTF-8"?>
<!-- Generated by org.testng.reporters.JUnitReportReporter -->
<testsuite skipped="0" hostname="WKWIN8520877" name="learnAutomation.ScreenShotGoogle" tests="1" failures="0" timestamp="27 Apr 2018 09:54:49 GMT" time="11.170" errors="0">
  <testcase name="TestJavaS1" time="11.170" classname="learnAutomation.ScreenShotGoogle"/>
</testsuite> <!-- learnAutomation.ScreenShotGoogle -->
