<?xml version="1.0" encoding="UTF-8"?>
<!-- Generated by org.testng.reporters.JUnitReportReporter -->
<testsuite skipped="0" hostname="WKWIN8520877" name="waitConcept.MixWait" tests="1" failures="0" timestamp="19 Apr 2018 05:20:11 GMT" time="10.922" errors="0">
  <testcase name="checkWait" time="10.922" classname="waitConcept.MixWait"/>
</testsuite> <!-- waitConcept.MixWait -->
